<?xml version="1.0" encoding="UTF-8"?>
<!-- Generated by org.testng.reporters.JUnitReportReporter -->
<testsuite skipped="0" hostname="SumitLenovo" name="MyRunner.TestRunner" tests="2" failures="0" timestamp="04 Aug 2020 18:30:54 GMT" time="134.970" errors="0">
  <testcase name="scenario" time="83.578" classname="MyRunner.TestRunner"/>
  <testcase name="scenario" time="51.392" classname="MyRunner.TestRunner"/>
</testsuite> <!-- MyRunner.TestRunner -->
